

*******************************************************************************
Wed Mar 29 20:27:12 2017


FIT:    data read from "output" using 1:2
        format = x:z
        #datapoints = 9
        residuals are weighted equally (unit weight)

function used for fitting: f(x)
	f(x) = a*x**2 + b*x + c
fitted parameters initialized with current variable values

iter      chisq       delta/lim  lambda   a             b             c            
   0 1.5213754562e+01   0.00e+00  5.77e-01    1.000000e+00   1.000000e+00   1.000000e+00
   8 1.0588677634e-15  -5.42e-01  5.77e-09    5.530643e-01  -1.004677e-05  -3.001549e-01

After 8 iterations the fit converged.
final sum of squares of residuals : 1.05887e-15
rel. change during last iteration : -0.000541674

degrees of freedom    (FIT_NDF)                        : 6
rms of residuals      (FIT_STDFIT) = sqrt(WSSR/ndf)    : 1.32845e-08
variance of residuals (reduced chisquare) = WSSR/ndf   : 1.76478e-16

Final set of parameters            Asymptotic Standard Error
=======================            ==========================
a               = 0.553064         +/- 0.000757     (0.1369%)
b               = -1.00468e-05     +/- 1.715e-06    (17.07%)
c               = -0.300155        +/- 6.714e-09    (2.237e-06%)

correlation matrix of the fit parameters:
                a      b      c      
a               1.000 
b               0.000  1.000 
c              -0.752 -0.000  1.000 
