

*******************************************************************************
Wed Mar 29 00:03:46 2017


FIT:    data read from 'output' using 1:2
        format = x:z
        #datapoints = 5
        residuals are weighted equally (unit weight)

function used for fitting: f(x)
	f(x) = E0 + ((B0*x)/(Bp0*(Bp0 - 1)))*(Bp0*(1 - v0/x) + (v0/x )**Bp0 - 1)
fitted parameters initialized with current variable values

iter      chisq       delta/lim  lambda   B0            E0            Bp0           v0           
   0 1.3962327311e-05   0.00e+00  8.28e-01    8.000000e-02  -1.650000e+00   3.200000e+00   2.100000e+01
   7 1.0420128644e-12  -4.43e-02  8.28e-08    8.539899e-02  -1.649948e+00   3.462474e+00   2.120199e+01

After 7 iterations the fit converged.
final sum of squares of residuals : 1.04201e-12
rel. change during last iteration : -4.43398e-05

degrees of freedom    (FIT_NDF)                        : 1
rms of residuals      (FIT_STDFIT) = sqrt(WSSR/ndf)    : 1.02079e-06
variance of residuals (reduced chisquare) = WSSR/ndf   : 1.04201e-12

Final set of parameters            Asymptotic Standard Error
=======================            ==========================
B0              = 0.085399         +/- 7.271e-06    (0.008514%)
E0              = -1.64995         +/- 7.143e-07    (4.329e-05%)
Bp0             = 3.46247          +/- 0.004104     (0.1185%)
v0              = 21.202           +/- 0.0001876    (0.000885%)

correlation matrix of the fit parameters:
                B0     E0     Bp0    v0     
B0              1.000 
E0             -0.765  1.000 
Bp0            -0.148  0.115  1.000 
v0              0.062 -0.074 -0.941  1.000 
