

*******************************************************************************
Fri Feb 21 14:33:59 2014


FIT:    data read from "output" using 1:2
        format = x:z
        #datapoints = 10
        residuals are weighted equally (unit weight)

function used for fitting: f(x)
fitted parameters initialized with current variable values



 Iteration 0
 WSSR        : 1.19499e+06       delta(WSSR)/WSSR   : 0
 delta(WSSR) : 0                 limit for stopping : 1e-10
 lambda	  : 187.596

initial set of free parameter values

a               = 1
b               = 1
c               = 1

After 7 iterations the fit converged.
final sum of squares of residuals : 0.160393
rel. change during last iteration : -2.59712e-11

degrees of freedom    (FIT_NDF)                        : 7
rms of residuals      (FIT_STDFIT) = sqrt(WSSR/ndf)    : 0.151372
variance of residuals (reduced chisquare) = WSSR/ndf   : 0.0229134

Final set of parameters            Asymptotic Standard Error
=======================            ==========================

a               = 0.0293557        +/- 0.004272     (14.55%)
b               = -1.02716         +/- 0.1479       (14.4%)
c               = 5.10779          +/- 1.237        (24.22%)


correlation matrix of the fit parameters:

               a      b      c      
a               1.000 
b              -0.996  1.000 
c               0.982 -0.995  1.000 
