

*******************************************************************************
Wed Mar 29 19:48:21 2017


FIT:    data read from 'output' using 1:2
        format = x:z
        #datapoints = 5
        residuals are weighted equally (unit weight)

function used for fitting: f(x)
	f(x) = E0 + ((B0*x)/(Bp0*(Bp0 - 1)))*(Bp0*(1 - v0/x) + (v0/x )**Bp0 - 1)
fitted parameters initialized with current variable values

iter      chisq       delta/lim  lambda   B0            E0            Bp0           v0           
   0 4.3470430555e+01   0.00e+00  4.04e+00    1.080000e+00  -7.650000e+00   3.200000e+00   2.100000e+01
   7 1.8105445081e-08  -2.83e-04  4.04e-07    6.044350e-01  -4.629904e+00   4.267972e+00   1.998151e+01

After 7 iterations the fit converged.
final sum of squares of residuals : 1.81054e-08
rel. change during last iteration : -2.83405e-07

degrees of freedom    (FIT_NDF)                        : 1
rms of residuals      (FIT_STDFIT) = sqrt(WSSR/ndf)    : 0.000134556
variance of residuals (reduced chisquare) = WSSR/ndf   : 1.81054e-08

Final set of parameters            Asymptotic Standard Error
=======================            ==========================
B0              = 0.604435         +/- 0.00103      (0.1705%)
E0              = -4.6299          +/- 9.441e-05    (0.002039%)
Bp0             = 4.26797          +/- 0.08091      (1.896%)
v0              = 19.9815          +/- 0.003476     (0.01739%)

correlation matrix of the fit parameters:
                B0     E0     Bp0    v0     
B0              1.000 
E0             -0.764  1.000 
Bp0            -0.193  0.148  1.000 
v0              0.079 -0.093 -0.940  1.000 
